<?xml version="1.0" encoding="UTF-8"?>
<testsuite xmlns:xsi="http://www.w3.org/2001/XMLSchema-instance" xsi:schemaLocation="https://maven.apache.org/surefire/maven-surefire-plugin/xsd/surefire-test-report.xsd" name="com.sg.flooringmastery.service.FlooringServiceLayerTest" time="0" tests="5" errors="0" skipped="0" failures="0">
  <properties>
[...]
</properties>
  <testcase name="testGetOrderGoldenPath" classname="com.sg.flooringmastery.service.FlooringServiceLayerTest" time="0"/>
  <testcase name="testEditOrderGoldenPath" classname="com.sg.flooringmastery.service.FlooringServiceLayerTest" time="0"/>
  <testcase name="testDeleteOrderGoldenPath" classname="com.sg.flooringmastery.service.FlooringServiceLayerTest" time="0"/>
  <testcase name="testCreateOrderGoldenPath" classname="com.sg.flooringmastery.service.FlooringServiceLayerTest" time="0"/>
  <testcase name="testGetAllOrdersByDateGoldenPath" classname="com.sg.flooringmastery.service.FlooringServiceLayerTest" time="0"/>
</testsuite>